<?xml version="1.0" encoding="UTF-8"?>
<!-- Generated by org.testng.reporters.JUnitXMLReporter -->
<testsuite hostname="ICPL11500" name="ChromeTest" tests="1" failures="1" timestamp="5 Feb 2018 05:40:15 GMT" time="31.373" errors="0">
  <testcase name="testApp" time="14.76" classname="Script.TestApp">
    <failure type="java.lang.AssertionError">
      <![CDATA[java.lang.AssertionError
	at org.junit.Assert.fail(Assert.java:86)
	at org.junit.Assert.fail(Assert.java:95)
	at pages.SearchPage.verifySourceDestination(SearchPage.java:59)
	at Script.TestApp.testApp(TestApp.java:37)
... Removed 24 stack frames]]>
    </failure>
  </testcase> <!-- testApp -->
</testsuite> <!-- ChromeTest -->
