<?xml version="1.0" encoding="UTF-8"?>
<testng-results skipped="0" failed="1" total="1" passed="0">
  <reporter-output>
    <line>
      <![CDATA[Home page is displayed]]>
    </line>
    <line>
      <![CDATA[0 matching Source and Destination flights ]]>
    </line>
    <line>
      <![CDATA[0 no matching flights found]]>
    </line>
    <line>
      <![CDATA[Failed TestCase is:testApp]]>
    </line>
  </reporter-output>
  <suite name="Suite" duration-ms="31373" started-at="2018-02-05T05:39:43Z" finished-at="2018-02-05T05:40:15Z">
    <groups>
    </groups>
    <test name="ChromeTest" duration-ms="31373" started-at="2018-02-05T05:39:43Z" finished-at="2018-02-05T05:40:15Z">
      <class name="Script.TestApp">
        <test-method status="PASS" signature="createReport()[pri:0, instance:Script.TestApp@57855c9a]" name="createReport" is-config="true" duration-ms="185" started-at="2018-02-05T11:09:43Z" finished-at="2018-02-05T11:09:43Z">
          <reporter-output>
          </reporter-output>
        </test-method> <!-- createReport -->
        <test-method status="PASS" signature="openBrowser(java.lang.String)[pri:0, instance:Script.TestApp@57855c9a]" name="openBrowser" is-config="true" duration-ms="15450" started-at="2018-02-05T11:09:43Z" finished-at="2018-02-05T11:09:59Z">
          <params>
            <param index="0">
              <value>
                <![CDATA[chrome]]>
              </value>
            </param>
          </params>
          <reporter-output>
          </reporter-output>
        </test-method> <!-- openBrowser -->
        <test-method status="FAIL" signature="testApp()[pri:0, instance:Script.TestApp@57855c9a]" name="testApp" duration-ms="14760" started-at="2018-02-05T11:09:59Z" finished-at="2018-02-05T11:10:14Z">
          <exception class="java.lang.AssertionError">
            <full-stacktrace>
              <![CDATA[java.lang.AssertionError
	at org.junit.Assert.fail(Assert.java:86)
	at org.junit.Assert.fail(Assert.java:95)
	at pages.SearchPage.verifySourceDestination(SearchPage.java:59)
	at Script.TestApp.testApp(TestApp.java:37)
	at sun.reflect.NativeMethodAccessorImpl.invoke0(Native Method)
	at sun.reflect.NativeMethodAccessorImpl.invoke(NativeMethodAccessorImpl.java:62)
	at sun.reflect.DelegatingMethodAccessorImpl.invoke(DelegatingMethodAccessorImpl.java:43)
	at java.lang.reflect.Method.invoke(Method.java:498)
	at org.testng.internal.MethodInvocationHelper.invokeMethod(MethodInvocationHelper.java:80)
	at org.testng.internal.Invoker.invokeMethod(Invoker.java:714)
	at org.testng.internal.Invoker.invokeTestMethod(Invoker.java:901)
	at org.testng.internal.Invoker.invokeTestMethods(Invoker.java:1231)
	at org.testng.internal.TestMethodWorker.invokeTestMethods(TestMethodWorker.java:127)
	at org.testng.internal.TestMethodWorker.run(TestMethodWorker.java:111)
	at org.testng.TestRunner.privateRun(TestRunner.java:767)
	at org.testng.TestRunner.run(TestRunner.java:617)
	at org.testng.SuiteRunner.runTest(SuiteRunner.java:334)
	at org.testng.SuiteRunner.runSequentially(SuiteRunner.java:329)
	at org.testng.SuiteRunner.privateRun(SuiteRunner.java:291)
	at org.testng.SuiteRunner.run(SuiteRunner.java:240)
	at org.testng.SuiteRunnerWorker.runSuite(SuiteRunnerWorker.java:52)
	at org.testng.SuiteRunnerWorker.run(SuiteRunnerWorker.java:86)
	at org.testng.TestNG.runSuitesSequentially(TestNG.java:1198)
	at org.testng.TestNG.runSuitesLocally(TestNG.java:1123)
	at org.testng.TestNG.run(TestNG.java:1031)
	at org.testng.remote.AbstractRemoteTestNG.run(AbstractRemoteTestNG.java:114)
	at org.testng.remote.RemoteTestNG.initAndRun(RemoteTestNG.java:251)
	at org.testng.remote.RemoteTestNG.main(RemoteTestNG.java:77)
]]>
            </full-stacktrace>
          </exception> <!-- java.lang.AssertionError -->
          <reporter-output>
            <line>
              <![CDATA[Home page is displayed]]>
            </line>
            <line>
              <![CDATA[0 matching Source and Destination flights ]]>
            </line>
            <line>
              <![CDATA[0 no matching flights found]]>
            </line>
            <line>
              <![CDATA[Failed TestCase is:testApp]]>
            </line>
          </reporter-output>
        </test-method> <!-- testApp -->
        <test-method status="PASS" signature="closeApplication(org.testng.ITestResult)[pri:0, instance:Script.TestApp@57855c9a]" name="closeApplication" is-config="true" duration-ms="681" started-at="2018-02-05T11:10:14Z" finished-at="2018-02-05T11:10:15Z">
          <params>
            <param index="0">
              <value>
                <![CDATA[[TestResult name=testApp status=FAILURE method=TestApp.testApp()[pri:0, instance:Script.TestApp@57855c9a] output=Home page is displayed]]]>
              </value>
            </param>
          </params>
          <reporter-output>
          </reporter-output>
        </test-method> <!-- closeApplication -->
        <test-method status="PASS" signature="flush()[pri:0, instance:Script.TestApp@57855c9a]" name="flush" is-config="true" duration-ms="285" started-at="2018-02-05T11:10:15Z" finished-at="2018-02-05T11:10:15Z">
          <reporter-output>
          </reporter-output>
        </test-method> <!-- flush -->
      </class> <!-- Script.TestApp -->
    </test> <!-- ChromeTest -->
  </suite> <!-- Suite -->
</testng-results>
